 --------------------------------------------------------------------------------------------------
   Series titles                                               
   Partial data titles                                         
  LIPMIX started:     Wed Jul 27 21:31:53 2022
 Water  concentration ................................... : 0.2000
 Name   Parameters of phase
 --------------------------------------------------------------------------------------------------
 1DIF     0.08     2.14     0.24     1.90     0.20     0.00     0.30     0.83     0.20    1
 2SPH     0.00     0.00     0.00   500.00     1.00   118.80    86.92     0.00    2    209.4693
 3SPH     0.92     0.00     0.00     0.66     1.00     0.20    13.23     0.00    2    209.4693
 --------------------------------------------------------------------------------------------------
   Series titles                                               
   Partial data titles                                         
  LIPMIX started:     Wed Jul 27 21:35:28 2022
 Water  concentration ................................... : 0.2000
 Name   Parameters of phase
 --------------------------------------------------------------------------------------------------
 1DIF     0.08     2.14     0.24     1.90     0.20     0.00     0.30     0.83     0.20    1
 2SPH     0.00     0.00     0.00   500.00     1.00   118.80    86.92     0.00    2    209.4693
 3SPH     0.92     0.00     0.00     0.66     1.00     0.20    13.23     0.00    2    209.4693
