 --------------------------------------------------------------------------------------------------
   Series titles                                               
   Partial data titles                                         
  LIPMIX started:     Fri Jun  3 14:06:43 2022
 Water  concentration ................................... : 0.5000
 Name   Parameters of phase
 --------------------------------------------------------------------------------------------------
 1DIF     0.91     2.18     0.10     1.57     0.26     1.78     0.45     1.18     0.02    3
 2SPH     0.00     0.00     0.00    80.15     1.00    17.38   400.00     0.00    2      6.9491
 3SPH     0.09     0.00     0.00     0.33     1.00     0.01     1.23     0.00    2      6.9491
 --------------------------------------------------------------------------------------------------
   Series titles                                               
   Partial data titles                                         
  LIPMIX started:     Wed Jul 27 18:21:45 2022
 Water  concentration ................................... : 0.5000
 Name   Parameters of phase
 --------------------------------------------------------------------------------------------------
 1DIF     0.91     2.18     0.10     1.57     0.26     1.78     0.45     1.18     0.02    3
 2SPH     0.00     0.00     0.00    80.15     1.00    17.38   400.00     0.00    2      6.9491
 3SPH     0.09     0.00     0.00     0.33     1.00     0.01     1.23     0.00    2      6.9491
