 --------------------------------------------------------------------------------------------------
   Series titles                                               
   Partial data titles                                         
  LIPMIX started:     Wed Jul 27 19:55:06 2022
 Water  concentration ................................... : 0.5000
 Name   Parameters of phase
 --------------------------------------------------------------------------------------------------
 1DIF     0.67     1.81     0.30     2.03     0.12     0.01     0.32     1.44     0.01    3
 2SPH     0.00     0.00     0.00    59.58     1.00     4.24   400.00     0.00    2      1.7809
 3SPH     0.33     0.00     0.00     0.33     1.00     0.01     1.23     0.00    2      1.7809
 --------------------------------------------------------------------------------------------------
   Series titles                                               
   Partial data titles                                         
  LIPMIX started:     Wed Jul 27 20:02:10 2022
 Water  concentration ................................... : 0.5000
 Name   Parameters of phase
 --------------------------------------------------------------------------------------------------
 1DIF     0.67     1.81     0.30     2.03     0.12     0.01     0.32     1.44     0.01    3
 2SPH     0.00     0.00     0.00    59.58     1.00     4.24   400.00     0.00    2      1.7809
 3SPH     0.33     0.00     0.00     0.33     1.00     0.01     1.23     0.00    2      1.7809
