 --------------------------------------------------------------------------------------------------
   Series titles                                               
   Partial data titles                                         
  LIPMIX started:     Wed Jul 27 19:51:54 2022
 Water  concentration ................................... : 0.5000
 Name   Parameters of phase
 --------------------------------------------------------------------------------------------------
 1DIF     0.41     1.70     0.32     2.01     0.12     1.78     0.45     1.46     0.02    1
 2SPH     0.00     0.00     0.00    59.55     1.00     3.68   400.00     0.00    2    120.5514
 3SPH     0.59     0.00     0.00     0.66     1.00     0.20     1.23     0.00    2    120.5514
 --------------------------------------------------------------------------------------------------
   Series titles                                               
   Partial data titles                                         
  LIPMIX started:     Wed Jul 27 19:59:01 2022
 Water  concentration ................................... : 0.5000
 Name   Parameters of phase
 --------------------------------------------------------------------------------------------------
 1DIF     0.41     1.70     0.32     2.01     0.12     1.78     0.45     1.46     0.02    1
 2SPH     0.00     0.00     0.00    59.55     1.00     3.68   400.00     0.00    2    120.5514
 3SPH     0.59     0.00     0.00     0.66     1.00     0.20     1.23     0.00    2    120.5514
