 --------------------------------------------------------------------------------------------------
   Series titles                                               
   Partial data titles                                         
  LIPMIX started:     Wed Jul 27 19:54:23 2022
 Water  concentration ................................... : 0.5000
 Name   Parameters of phase
 --------------------------------------------------------------------------------------------------
 1DIF     0.27     1.76     0.37     2.56     0.12     0.00     0.45     1.29     0.02    2
 2SPH     0.00     0.00     0.00    59.55     1.00     3.61   400.00     0.00    2    121.9889
 3SPH     0.73     0.00     0.00     0.66     1.00     0.20     1.23     0.00    2    121.9889
 --------------------------------------------------------------------------------------------------
   Series titles                                               
   Partial data titles                                         
  LIPMIX started:     Wed Jul 27 20:01:28 2022
 Water  concentration ................................... : 0.5000
 Name   Parameters of phase
 --------------------------------------------------------------------------------------------------
 1DIF     0.27     1.76     0.37     2.56     0.12     0.00     0.45     1.29     0.02    2
 2SPH     0.00     0.00     0.00    59.55     1.00     3.61   400.00     0.00    2    121.9889
 3SPH     0.73     0.00     0.00     0.66     1.00     0.20     1.23     0.00    2    121.9889
