 --------------------------------------------------------------------------------------------------
   Series titles                                               
   Partial data titles                                         
  LIPMIX started:     Wed Jul 27 19:53:16 2022
 Water  concentration ................................... : 0.5000
 Name   Parameters of phase
 --------------------------------------------------------------------------------------------------
 1DIF     0.80     1.87     0.17     2.56     0.17     0.01     0.11     2.33     0.02    2
 2SPH     0.00     0.00     0.00    42.08     1.00     2.71   400.00     0.00    2     89.8617
 3SPH     0.20     0.00     0.00     0.66     1.00     0.20     1.23     0.00    2     89.8617
 --------------------------------------------------------------------------------------------------
   Series titles                                               
   Partial data titles                                         
  LIPMIX started:     Wed Jul 27 20:00:21 2022
 Water  concentration ................................... : 0.5000
 Name   Parameters of phase
 --------------------------------------------------------------------------------------------------
 1DIF     0.80     1.87     0.17     2.56     0.17     0.01     0.11     2.33     0.02    2
 2SPH     0.00     0.00     0.00    42.08     1.00     2.71   400.00     0.00    2     89.8617
 3SPH     0.20     0.00     0.00     0.66     1.00     0.20     1.23     0.00    2     89.8617
