 --------------------------------------------------------------------------------------------------
   Series titles                                               
   Partial data titles                                         
  LIPMIX started:     Wed Jul 27 21:32:22 2022
 Water  concentration ................................... : 0.2000
 Name   Parameters of phase
 --------------------------------------------------------------------------------------------------
 --------------------------------------------------------------------------------------------------
   Series titles                                               
   Partial data titles                                         
  LIPMIX started:     Wed Jul 27 21:36:32 2022
 Water  concentration ................................... : 0.2000
 Name   Parameters of phase
 --------------------------------------------------------------------------------------------------
 1DIF     0.99     2.14     0.24     1.90     0.20     0.00     0.30     0.83     0.20    2
 2SPH     0.00     0.00     0.00    63.04     1.00     4.32    86.92     0.00    2    203.5502
 3SPH     0.01     0.00     0.00     0.66     1.00     0.20    13.23     0.00    2    203.5502
 1DIF     0.99     2.14     0.24     1.90     0.20     0.00     0.30     0.83     0.20    2
 2SPH     0.00     0.00     0.00    63.04     1.00     4.32    86.92     0.00    2    203.5502
 3SPH     0.01     0.00     0.00     0.66     1.00     0.20    13.23     0.00    2    203.5502
