 --------------------------------------------------------------------------------------------------
   Series titles                                               
   Partial data titles                                         
  LIPMIX started:     Wed Jul 27 21:33:45 2022
 Water  concentration ................................... : 0.2000
 Name   Parameters of phase
 --------------------------------------------------------------------------------------------------
 1DIF     0.41     2.14     0.24     1.90     0.20     0.00     0.30     0.83     0.20    3
 2SPH     0.00     0.00     0.00   171.86     1.00    82.36    86.92     0.00    2    176.2870
 3SPH     0.59     0.00     0.00     0.66     1.00     0.20    13.23     0.00    2    176.2870
 --------------------------------------------------------------------------------------------------
   Series titles                                               
   Partial data titles                                         
  LIPMIX started:     Wed Jul 27 21:38:40 2022
 Water  concentration ................................... : 0.2000
 Name   Parameters of phase
 --------------------------------------------------------------------------------------------------
 1DIF     0.41     2.14     0.24     1.90     0.20     0.00     0.30     0.83     0.20    3
 2SPH     0.00     0.00     0.00   171.86     1.00    82.36    86.92     0.00    2    176.2870
 3SPH     0.59     0.00     0.00     0.66     1.00     0.20    13.23     0.00    2    176.2870
