 --------------------------------------------------------------------------------------------------
   Series titles                                               
   Partial data titles                                         
  LIPMIX started:     Wed Jul 27 21:31:53 2022
 Water  concentration ................................... : 0.2000
 Name   Parameters of phase
 --------------------------------------------------------------------------------------------------
 1DIF     0.99     2.14     0.24     1.90     0.20     0.00     0.30     0.83     0.20    2
 2SPH     0.00     0.00     0.00    61.79     1.00     1.39    86.92     0.00    2    170.1320
 3SPH     0.01     0.00     0.00     0.66     1.00     0.20    13.23     0.00    2    170.1320
 --------------------------------------------------------------------------------------------------
   Series titles                                               
   Partial data titles                                         
  LIPMIX started:     Wed Jul 27 21:36:01 2022
 Water  concentration ................................... : 0.2000
 Name   Parameters of phase
 --------------------------------------------------------------------------------------------------
 1DIF     0.99     2.14     0.24     1.90     0.20     0.00     0.30     0.83     0.20    2
 2SPH     0.00     0.00     0.00    61.79     1.00     1.39    86.92     0.00    2    170.1320
 3SPH     0.01     0.00     0.00     0.66     1.00     0.20    13.23     0.00    2    170.1320
