 --------------------------------------------------------------------------------------------------
   Series titles                                               
   Partial data titles                                         
  LIPMIX started:     Wed Jul 27 19:53:33 2022
 Water  concentration ................................... : 0.5000
 Name   Parameters of phase
 --------------------------------------------------------------------------------------------------
 1DIF     0.61     1.74     0.36     2.56     0.12     0.00     0.45     1.25     0.02    2
 2SPH     0.00     0.00     0.00    59.57     1.00     3.95   400.00     0.00    2      1.9995
 3SPH     0.39     0.00     0.00     0.33     1.00     0.01     1.23     0.00    2      1.9995
 --------------------------------------------------------------------------------------------------
   Series titles                                               
   Partial data titles                                         
  LIPMIX started:     Wed Jul 27 20:00:39 2022
 Water  concentration ................................... : 0.5000
 Name   Parameters of phase
 --------------------------------------------------------------------------------------------------
 1DIF     0.61     1.74     0.36     2.56     0.12     0.00     0.45     1.25     0.02    2
 2SPH     0.00     0.00     0.00    59.57     1.00     3.95   400.00     0.00    2      1.9995
 3SPH     0.39     0.00     0.00     0.33     1.00     0.01     1.23     0.00    2      1.9995
