 --------------------------------------------------------------------------------------------------
   Series titles                                               
   Partial data titles                                         
  LIPMIX started:     Fri Jun  3 14:04:51 2022
 Water  concentration ................................... : 0.5000
 Name   Parameters of phase
 --------------------------------------------------------------------------------------------------
 1DIF     0.12     1.66     0.38     2.56     0.12     0.00     0.45     2.08     0.02    1
 2SPH     0.00     0.00     0.00    80.15     1.00    17.38   400.00     0.00    2    101.3364
 3SPH     0.88     0.00     0.00     0.66     1.00     0.20     1.23     0.00    2    101.3364
 --------------------------------------------------------------------------------------------------
   Series titles                                               
   Partial data titles                                         
  LIPMIX started:     Wed Jul 27 18:19:47 2022
 Water  concentration ................................... : 0.5000
 Name   Parameters of phase
 --------------------------------------------------------------------------------------------------
 1DIF     0.12     1.66     0.38     2.56     0.12     0.00     0.45     2.08     0.02    1
 2SPH     0.00     0.00     0.00    80.15     1.00    17.38   400.00     0.00    2    101.3364
 3SPH     0.88     0.00     0.00     0.66     1.00     0.20     1.23     0.00    2    101.3364
