 --------------------------------------------------------------------------------------------------
   Series titles                                               
   Partial data titles                                         
  LIPMIX started:     Wed Jul 27 19:52:46 2022
 Water  concentration ................................... : 0.5000
 Name   Parameters of phase
 --------------------------------------------------------------------------------------------------
 1DIF     0.29     1.74     0.12     2.12     0.12     0.00     0.08     3.89     0.02    1
 2SPH     0.00     0.00     0.00    58.59     1.00     8.96   400.00     0.00    2    159.8641
 3SPH     0.71     0.00     0.00     0.66     1.00     0.20     1.23     0.00    2    159.8641
 --------------------------------------------------------------------------------------------------
   Series titles                                               
   Partial data titles                                         
  LIPMIX started:     Wed Jul 27 19:59:52 2022
 Water  concentration ................................... : 0.5000
 Name   Parameters of phase
 --------------------------------------------------------------------------------------------------
 1DIF     0.29     1.74     0.12     2.12     0.12     0.00     0.08     3.89     0.02    1
 2SPH     0.00     0.00     0.00    58.59     1.00     8.96   400.00     0.00    2    159.8641
 3SPH     0.71     0.00     0.00     0.66     1.00     0.20     1.23     0.00    2    159.8641
